e:\demorender\jgl_demos\jgl_meshloader\x64\debug\jgl_meshloader.pch
e:\demorender\jgl_demos\jgl_meshloader\x64\debug\vc143.pdb
e:\demorender\jgl_demos\jgl_meshloader\x64\debug\vc143.idb
e:\demorender\jgl_demos\jgl_meshloader\x64\debug\main.obj
e:\demorender\jgl_demos\jgl_meshloader\x64\debug\pch.obj
e:\demorender\jgl_demos\jgl_meshloader\x64\debug\shader_util.obj
e:\demorender\jgl_demos\jgl_meshloader\x64\debug\import_obj.obj
e:\demorender\jgl_demos\jgl_meshloader\x64\debug\mesh.obj
e:\demorender\jgl_demos\jgl_meshloader\x64\debug\jgl_window.obj
e:\demorender\jgl_demos\jgl_meshloader\x64\debug\ui_context.obj
e:\demorender\jgl_demos\jgl_meshloader\x64\debug\opengl_buffer_manager.obj
e:\demorender\jgl_demos\jgl_meshloader\x64\debug\vertex_holder.obj
e:\demorender\jgl_demos\jgl_meshloader\x64\debug\face.obj
e:\demorender\jgl_demos\jgl_meshloader\x64\debug\element.obj
e:\demorender\jgl_demos\jgl_meshloader\x64\debug\application.obj
e:\demorender\jgl_demos\jgl_meshloader\x64\debug\opengl_context.obj
e:\demorender\jgl_demos\jgl_meshloader\x64\debug\property_panel.obj
e:\demorender\jgl_demos\jgl_meshloader\x64\debug\scene_view.obj
e:\demorender\jgl_demos\jgl_meshloader\x64\debug\texture.obj
e:\demorender\jgl_demos\jgl_meshloader\x64\debug\imgui_widgets.obj
e:\demorender\jgl_demos\jgl_meshloader\x64\debug\imgui_tables.obj
e:\demorender\jgl_demos\jgl_meshloader\x64\debug\imgui_draw.obj
e:\demorender\jgl_demos\jgl_meshloader\x64\debug\imgui_demo.obj
e:\demorender\jgl_demos\jgl_meshloader\x64\debug\imgui.obj
e:\demorender\jgl_demos\jgl_meshloader\x64\debug\imgui_impl_opengl3.obj
e:\demorender\jgl_demos\jgl_meshloader\x64\debug\imgui_impl_glfw.obj
e:\demorender\jgl_demos\x64\debug\jgl_meshloader.pdb
e:\demorender\jgl_demos\jgl_meshloader\x64\debug\jgl_meshloader.tlog\cl.command.1.tlog
e:\demorender\jgl_demos\jgl_meshloader\x64\debug\jgl_meshloader.tlog\cl.read.1.tlog
e:\demorender\jgl_demos\jgl_meshloader\x64\debug\jgl_meshloader.tlog\cl.write.1.tlog
e:\demorender\jgl_demos\jgl_meshloader\x64\debug\jgl_meshloader.tlog\link-cvtres.read.1.tlog
e:\demorender\jgl_demos\jgl_meshloader\x64\debug\jgl_meshloader.tlog\link-cvtres.write.1.tlog
e:\demorender\jgl_demos\jgl_meshloader\x64\debug\jgl_meshloader.tlog\link-rc.read.1.tlog
e:\demorender\jgl_demos\jgl_meshloader\x64\debug\jgl_meshloader.tlog\link-rc.write.1.tlog
e:\demorender\jgl_demos\jgl_meshloader\x64\debug\jgl_meshloader.tlog\link.command.1.tlog
e:\demorender\jgl_demos\jgl_meshloader\x64\debug\jgl_meshloader.tlog\link.read.1.tlog
e:\demorender\jgl_demos\jgl_meshloader\x64\debug\jgl_meshloader.tlog\link.write.1.tlog
